<?xml version="1.0" encoding="UTF-8"?>
<testsuite xmlns:xsi="http://www.w3.org/2001/XMLSchema-instance" xsi:noNamespaceSchemaLocation="https://maven.apache.org/surefire/maven-surefire-plugin/xsd/surefire-test-report-3.0.xsd" version="3.0" name="com.hms.HospitalApplicationTests" time="11.166" tests="1" errors="0" skipped="0" failures="0">
  <properties>
[...]
</properties>
  <testcase name="contextLoads" classname="com.hms.HospitalApplicationTests" time="0.824">
    <system-out><![CDATA[11:04:34.132 [main] INFO org.springframework.test.context.support.AnnotationConfigContextLoaderUtils -- Could not detect default configuration classes for test class [com.hms.HospitalApplicationTests]: HospitalApplicationTests does not declare any static, non-private, non-final, nested classes annotated with @Configuration.
11:04:34.284 [main] INFO org.springframework.boot.test.context.SpringBootTestContextBootstrapper -- Found @SpringBootConfiguration com.hms.HospitalApplication for test class com.hms.HospitalApplicationTests
11:04:34.574 [main] INFO org.springframework.boot.devtools.restart.RestartApplicationListener -- Restart disabled due to context in which it is running

  .   ____          _            __ _ _
 /\\ / ___'_ __ _ _(_)_ __  __ _ \ \ \ \
( ( )\___ | '_ | '_| | '_ \/ _` | \ \ \ \
 \\/  ___)| |_)| | | | | || (_| |  ) ) ) )
  '  |____| .__|_| |_|_| |_\__, | / / / /
 =========|_|==============|___/=/_/_/_/
 :: Spring Boot ::                (v3.2.4)

2025-06-05T11:04:35.044+05:30  INFO 8928 --- [hospital] [           main] com.hms.HospitalApplicationTests         : Starting HospitalApplicationTests using Java 17.0.12 with PID 8928 (started by sidad in D:\Adnan\Adnan- EyeHospital\HMS-master)
2025-06-05T11:04:35.045+05:30  INFO 8928 --- [hospital] [           main] com.hms.HospitalApplicationTests         : No active profile set, falling back to 1 default profile: "default"
2025-06-05T11:04:36.726+05:30  INFO 8928 --- [hospital] [           main] .s.d.r.c.RepositoryConfigurationDelegate : Bootstrapping Spring Data JPA repositories in DEFAULT mode.
2025-06-05T11:04:36.833+05:30  INFO 8928 --- [hospital] [           main] .s.d.r.c.RepositoryConfigurationDelegate : Finished Spring Data repository scanning in 96 ms. Found 5 JPA repository interfaces.
2025-06-05T11:04:37.889+05:30  INFO 8928 --- [hospital] [           main] o.hibernate.jpa.internal.util.LogHelper  : HHH000204: Processing PersistenceUnitInfo [name: default]
2025-06-05T11:04:38.007+05:30  INFO 8928 --- [hospital] [           main] org.hibernate.Version                    : HHH000412: Hibernate ORM core version 6.4.4.Final
2025-06-05T11:04:38.081+05:30  INFO 8928 --- [hospital] [           main] o.h.c.internal.RegionFactoryInitiator    : HHH000026: Second-level cache disabled
2025-06-05T11:04:38.301+05:30 DEBUG 8928 --- [hospital] [           main] org.hibernate.type.BasicTypeRegistry     : Adding type registration boolean -> org.hibernate.type.BasicTypeReference@7d8b66d9
2025-06-05T11:04:38.302+05:30 DEBUG 8928 --- [hospital] [           main] org.hibernate.type.BasicTypeRegistry     : Adding type registration boolean -> org.hibernate.type.BasicTypeReference@7d8b66d9
2025-06-05T11:04:38.302+05:30 DEBUG 8928 --- [hospital] [           main] org.hibernate.type.BasicTypeRegistry     : Adding type registration java.lang.Boolean -> org.hibernate.type.BasicTypeReference@7d8b66d9
2025-06-05T11:04:38.302+05:30 DEBUG 8928 --- [hospital] [           main] org.hibernate.type.BasicTypeRegistry     : Adding type registration numeric_boolean -> org.hibernate.type.BasicTypeReference@5599b5bb
2025-06-05T11:04:38.302+05:30 DEBUG 8928 --- [hospital] [           main] org.hibernate.type.BasicTypeRegistry     : Adding type registration org.hibernate.type.NumericBooleanConverter -> org.hibernate.type.BasicTypeReference@5599b5bb
2025-06-05T11:04:38.302+05:30 DEBUG 8928 --- [hospital] [           main] org.hibernate.type.BasicTypeRegistry     : Adding type registration true_false -> org.hibernate.type.BasicTypeReference@4ff66917
2025-06-05T11:04:38.302+05:30 DEBUG 8928 --- [hospital] [           main] org.hibernate.type.BasicTypeRegistry     : Adding type registration org.hibernate.type.TrueFalseConverter -> org.hibernate.type.BasicTypeReference@4ff66917
2025-06-05T11:04:38.302+05:30 DEBUG 8928 --- [hospital] [           main] org.hibernate.type.BasicTypeRegistry     : Adding type registration yes_no -> org.hibernate.type.BasicTypeReference@4264beb8
2025-06-05T11:04:38.303+05:30 DEBUG 8928 --- [hospital] [           main] org.hibernate.type.BasicTypeRegistry     : Adding type registration org.hibernate.type.YesNoConverter -> org.hibernate.type.BasicTypeReference@4264beb8
2025-06-05T11:04:38.303+05:30 DEBUG 8928 --- [hospital] [           main] org.hibernate.type.BasicTypeRegistry     : Adding type registration byte -> org.hibernate.type.BasicTypeReference@647fb583
2025-06-05T11:04:38.303+05:30 DEBUG 8928 --- [hospital] [           main] org.hibernate.type.BasicTypeRegistry     : Adding type registration byte -> org.hibernate.type.BasicTypeReference@647fb583
2025-06-05T11:04:38.303+05:30 DEBUG 8928 --- [hospital] [           main] org.hibernate.type.BasicTypeRegistry     : Adding type registration java.lang.Byte -> org.hibernate.type.BasicTypeReference@647fb583
2025-06-05T11:04:38.303+05:30 DEBUG 8928 --- [hospital] [           main] org.hibernate.type.BasicTypeRegistry     : Adding type registration binary -> org.hibernate.type.BasicTypeReference@7cd3e0da
2025-06-05T11:04:38.304+05:30 DEBUG 8928 --- [hospital] [           main] org.hibernate.type.BasicTypeRegistry     : Adding type registration byte[] -> org.hibernate.type.BasicTypeReference@7cd3e0da
2025-06-05T11:04:38.304+05:30 DEBUG 8928 --- [hospital] [           main] org.hibernate.type.BasicTypeRegistry     : Adding type registration [B -> org.hibernate.type.BasicTypeReference@7cd3e0da
2025-06-05T11:04:38.304+05:30 DEBUG 8928 --- [hospital] [           main] org.hibernate.type.BasicTypeRegistry     : Adding type registration binary_wrapper -> org.hibernate.type.BasicTypeReference@7ead1d80
2025-06-05T11:04:38.304+05:30 DEBUG 8928 --- [hospital] [           main] org.hibernate.type.BasicTypeRegistry     : Adding type registration wrapper-binary -> org.hibernate.type.BasicTypeReference@7ead1d80
2025-06-05T11:04:38.304+05:30 DEBUG 8928 --- [hospital] [           main] org.hibernate.type.BasicTypeRegistry     : Adding type registration image -> org.hibernate.type.BasicTypeReference@1d1bf7bf
2025-06-05T11:04:38.304+05:30 DEBUG 8928 --- [hospital] [           main] org.hibernate.type.BasicTypeRegistry     : Adding type registration blob -> org.hibernate.type.BasicTypeReference@1182413a
2025-06-05T11:04:38.305+05:30 DEBUG 8928 --- [hospital] [           main] org.hibernate.type.BasicTypeRegistry     : Adding type registration java.sql.Blob -> org.hibernate.type.BasicTypeReference@1182413a
2025-06-05T11:04:38.305+05:30 DEBUG 8928 --- [hospital] [           main] org.hibernate.type.BasicTypeRegistry     : Adding type registration materialized_blob -> org.hibernate.type.BasicTypeReference@4d43a1b7
2025-06-05T11:04:38.305+05:30 DEBUG 8928 --- [hospital] [           main] org.hibernate.type.BasicTypeRegistry     : Adding type registration materialized_blob_wrapper -> org.hibernate.type.BasicTypeReference@5b14f482
2025-06-05T11:04:38.305+05:30 DEBUG 8928 --- [hospital] [           main] org.hibernate.type.BasicTypeRegistry     : Adding type registration short -> org.hibernate.type.BasicTypeReference@19705650
2025-06-05T11:04:38.305+05:30 DEBUG 8928 --- [hospital] [           main] org.hibernate.type.BasicTypeRegistry     : Adding type registration short -> org.hibernate.type.BasicTypeReference@19705650
2025-06-05T11:04:38.305+05:30 DEBUG 8928 --- [hospital] [           main] org.hibernate.type.BasicTypeRegistry     : Adding type registration java.lang.Short -> org.hibernate.type.BasicTypeReference@19705650
2025-06-05T11:04:38.305+05:30 DEBUG 8928 --- [hospital] [           main] org.hibernate.type.BasicTypeRegistry     : Adding type registration integer -> org.hibernate.type.BasicTypeReference@1a785fd5
2025-06-05T11:04:38.306+05:30 DEBUG 8928 --- [hospital] [           main] org.hibernate.type.BasicTypeRegistry     : Adding type registration int -> org.hibernate.type.BasicTypeReference@1a785fd5
2025-06-05T11:04:38.306+05:30 DEBUG 8928 --- [hospital] [           main] org.hibernate.type.BasicTypeRegistry     : Adding type registration java.lang.Integer -> org.hibernate.type.BasicTypeReference@1a785fd5
2025-06-05T11:04:38.306+05:30 DEBUG 8928 --- [hospital] [           main] org.hibernate.type.BasicTypeRegistry     : Adding type registration long -> org.hibernate.type.BasicTypeReference@4a660b34
2025-06-05T11:04:38.306+05:30 DEBUG 8928 --- [hospital] [           main] org.hibernate.type.BasicTypeRegistry     : Adding type registration long -> org.hibernate.type.BasicTypeReference@4a660b34
2025-06-05T11:04:38.306+05:30 DEBUG 8928 --- [hospital] [           main] org.hibernate.type.BasicTypeRegistry     : Adding type registration java.lang.Long -> org.hibernate.type.BasicTypeReference@4a660b34
2025-06-05T11:04:38.306+05:30 DEBUG 8928 --- [hospital] [           main] org.hibernate.type.BasicTypeRegistry     : Adding type registration float -> org.hibernate.type.BasicTypeReference@362a561e
2025-06-05T11:04:38.306+05:30 DEBUG 8928 --- [hospital] [           main] org.hibernate.type.BasicTypeRegistry     : Adding type registration float -> org.hibernate.type.BasicTypeReference@362a561e
2025-06-05T11:04:38.307+05:30 DEBUG 8928 --- [hospital] [           main] org.hibernate.type.BasicTypeRegistry     : Adding type registration java.lang.Float -> org.hibernate.type.BasicTypeReference@362a561e
2025-06-05T11:04:38.307+05:30 DEBUG 8928 --- [hospital] [           main] org.hibernate.type.BasicTypeRegistry     : Adding type registration double -> org.hibernate.type.BasicTypeReference@2df3545d
2025-06-05T11:04:38.307+05:30 DEBUG 8928 --- [hospital] [           main] org.hibernate.type.BasicTypeRegistry     : Adding type registration double -> org.hibernate.type.BasicTypeReference@2df3545d
2025-06-05T11:04:38.307+05:30 DEBUG 8928 --- [hospital] [           main] org.hibernate.type.BasicTypeRegistry     : Adding type registration java.lang.Double -> org.hibernate.type.BasicTypeReference@2df3545d
2025-06-05T11:04:38.307+05:30 DEBUG 8928 --- [hospital] [           main] org.hibernate.type.BasicTypeRegistry     : Adding type registration big_integer -> org.hibernate.type.BasicTypeReference@75ad30c1
2025-06-05T11:04:38.307+05:30 DEBUG 8928 --- [hospital] [           main] org.hibernate.type.BasicTypeRegistry     : Adding type registration java.math.BigInteger -> org.hibernate.type.BasicTypeReference@75ad30c1
2025-06-05T11:04:38.307+05:30 DEBUG 8928 --- [hospital] [           main] org.hibernate.type.BasicTypeRegistry     : Adding type registration big_decimal -> org.hibernate.type.BasicTypeReference@fe8aaeb
2025-06-05T11:04:38.309+05:30 DEBUG 8928 --- [hospital] [           main] org.hibernate.type.BasicTypeRegistry     : Adding type registration java.math.BigDecimal -> org.hibernate.type.BasicTypeReference@fe8aaeb
2025-06-05T11:04:38.309+05:30 DEBUG 8928 --- [hospital] [           main] org.hibernate.type.BasicTypeRegistry     : Adding type registration character -> org.hibernate.type.BasicTypeReference@6b9697ae
2025-06-05T11:04:38.309+05:30 DEBUG 8928 --- [hospital] [           main] org.hibernate.type.BasicTypeRegistry     : Adding type registration char -> org.hibernate.type.BasicTypeReference@6b9697ae
2025-06-05T11:04:38.309+05:30 DEBUG 8928 --- [hospital] [           main] org.hibernate.type.BasicTypeRegistry     : Adding type registration java.lang.Character -> org.hibernate.type.BasicTypeReference@6b9697ae
2025-06-05T11:04:38.309+05:30 DEBUG 8928 --- [hospital] [           main] org.hibernate.type.BasicTypeRegistry     : Adding type registration character_nchar -> org.hibernate.type.BasicTypeReference@5cf0673d
2025-06-05T11:04:38.309+05:30 DEBUG 8928 --- [hospital] [           main] org.hibernate.type.BasicTypeRegistry     : Adding type registration string -> org.hibernate.type.BasicTypeReference@40c76f5a
2025-06-05T11:04:38.309+05:30 DEBUG 8928 --- [hospital] [           main] org.hibernate.type.BasicTypeRegistry     : Adding type registration java.lang.String -> org.hibernate.type.BasicTypeReference@40c76f5a
2025-06-05T11:04:38.310+05:30 DEBUG 8928 --- [hospital] [           main] org.hibernate.type.BasicTypeRegistry     : Adding type registration nstring -> org.hibernate.type.BasicTypeReference@a323a5b
2025-06-05T11:04:38.310+05:30 DEBUG 8928 --- [hospital] [           main] org.hibernate.type.BasicTypeRegistry     : Adding type registration characters -> org.hibernate.type.BasicTypeReference@5546e754
2025-06-05T11:04:38.310+05:30 DEBUG 8928 --- [hospital] [           main] org.hibernate.type.BasicTypeRegistry     : Adding type registration char[] -> org.hibernate.type.BasicTypeReference@5546e754
2025-06-05T11:04:38.310+05:30 DEBUG 8928 --- [hospital] [           main] org.hibernate.type.BasicTypeRegistry     : Adding type registration [C -> org.hibernate.type.BasicTypeReference@5546e754
2025-06-05T11:04:38.310+05:30 DEBUG 8928 --- [hospital] [           main] org.hibernate.type.BasicTypeRegistry     : Adding type registration wrapper-characters -> org.hibernate.type.BasicTypeReference@ad0bb4e
2025-06-05T11:04:38.310+05:30 DEBUG 8928 --- [hospital] [           main] org.hibernate.type.BasicTypeRegistry     : Adding type registration text -> org.hibernate.type.BasicTypeReference@7196a8f1
2025-06-05T11:04:38.310+05:30 DEBUG 8928 --- [hospital] [           main] org.hibernate.type.BasicTypeRegistry     : Adding type registration ntext -> org.hibernate.type.BasicTypeReference@6a6da47a
2025-06-05T11:04:38.311+05:30 DEBUG 8928 --- [hospital] [           main] org.hibernate.type.BasicTypeRegistry     : Adding type registration clob -> org.hibernate.type.BasicTypeReference@8f39224
2025-06-05T11:04:38.311+05:30 DEBUG 8928 --- [hospital] [           main] org.hibernate.type.BasicTypeRegistry     : Adding type registration java.sql.Clob -> org.hibernate.type.BasicTypeReference@8f39224
2025-06-05T11:04:38.311+05:30 DEBUG 8928 --- [hospital] [           main] org.hibernate.type.BasicTypeRegistry     : Adding type registration nclob -> org.hibernate.type.BasicTypeReference@7f642bf
2025-06-05T11:04:38.311+05:30 DEBUG 8928 --- [hospital] [           main] org.hibernate.type.BasicTypeRegistry     : Adding type registration java.sql.NClob -> org.hibernate.type.BasicTypeReference@7f642bf
2025-06-05T11:04:38.311+05:30 DEBUG 8928 --- [hospital] [           main] org.hibernate.type.BasicTypeRegistry     : Adding type registration materialized_clob -> org.hibernate.type.BasicTypeReference@43e3a390
2025-06-05T11:04:38.311+05:30 DEBUG 8928 --- [hospital] [           main] org.hibernate.type.BasicTypeRegistry     : Adding type registration materialized_clob_char_array -> org.hibernate.type.BasicTypeReference@44aa91e2
2025-06-05T11:04:38.311+05:30 DEBUG 8928 --- [hospital] [           main] org.hibernate.type.BasicTypeRegistry     : Adding type registration materialized_clob_character_array -> org.hibernate.type.BasicTypeReference@50dc49e1
2025-06-05T11:04:38.311+05:30 DEBUG 8928 --- [hospital] [           main] org.hibernate.type.BasicTypeRegistry     : Adding type registration materialized_nclob -> org.hibernate.type.BasicTypeReference@650a1aff
2025-06-05T11:04:38.311+05:30 DEBUG 8928 --- [hospital] [           main] org.hibernate.type.BasicTypeRegistry     : Adding type registration materialized_nclob_character_array -> org.hibernate.type.BasicTypeReference@3babcaed
2025-06-05T11:04:38.312+05:30 DEBUG 8928 --- [hospital] [           main] org.hibernate.type.BasicTypeRegistry     : Adding type registration materialized_nclob_char_array -> org.hibernate.type.BasicTypeReference@2b9e69fb
2025-06-05T11:04:38.312+05:30 DEBUG 8928 --- [hospital] [           main] org.hibernate.type.BasicTypeRegistry     : Adding type registration Duration -> org.hibernate.type.BasicTypeReference@19bfbe28
2025-06-05T11:04:38.312+05:30 DEBUG 8928 --- [hospital] [           main] org.hibernate.type.BasicTypeRegistry     : Adding type registration java.time.Duration -> org.hibernate.type.BasicTypeReference@19bfbe28
2025-06-05T11:04:38.312+05:30 DEBUG 8928 --- [hospital] [           main] org.hibernate.type.BasicTypeRegistry     : Adding type registration LocalDateTime -> org.hibernate.type.BasicTypeReference@2c579202
2025-06-05T11:04:38.312+05:30 DEBUG 8928 --- [hospital] [           main] org.hibernate.type.BasicTypeRegistry     : Adding type registration java.time.LocalDateTime -> org.hibernate.type.BasicTypeReference@2c579202
2025-06-05T11:04:38.312+05:30 DEBUG 8928 --- [hospital] [           main] org.hibernate.type.BasicTypeRegistry     : Adding type registration LocalDate -> org.hibernate.type.BasicTypeReference@49ced9c7
2025-06-05T11:04:38.312+05:30 DEBUG 8928 --- [hospital] [           main] org.hibernate.type.BasicTypeRegistry     : Adding type registration java.time.LocalDate -> org.hibernate.type.BasicTypeReference@49ced9c7
2025-06-05T11:04:38.312+05:30 DEBUG 8928 --- [hospital] [           main] org.hibernate.type.BasicTypeRegistry     : Adding type registration LocalTime -> org.hibernate.type.BasicTypeReference@11c7a0b4
2025-06-05T11:04:38.312+05:30 DEBUG 8928 --- [hospital] [           main] org.hibernate.type.BasicTypeRegistry     : Adding type registration java.time.LocalTime -> org.hibernate.type.BasicTypeReference@11c7a0b4
2025-06-05T11:04:38.312+05:30 DEBUG 8928 --- [hospital] [           main] org.hibernate.type.BasicTypeRegistry     : Adding type registration OffsetDateTime -> org.hibernate.type.BasicTypeReference@75ed125a
2025-06-05T11:04:38.313+05:30 DEBUG 8928 --- [hospital] [           main] org.hibernate.type.BasicTypeRegistry     : Adding type registration java.time.OffsetDateTime -> org.hibernate.type.BasicTypeReference@75ed125a
2025-06-05T11:04:38.313+05:30 DEBUG 8928 --- [hospital] [           main] org.hibernate.type.BasicTypeRegistry     : Adding type registration OffsetDateTimeWithTimezone -> org.hibernate.type.BasicTypeReference@653a5967
2025-06-05T11:04:38.313+05:30 DEBUG 8928 --- [hospital] [           main] org.hibernate.type.BasicTypeRegistry     : Adding type registration OffsetDateTimeWithoutTimezone -> org.hibernate.type.BasicTypeReference@5a85b4e6
2025-06-05T11:04:38.313+05:30 DEBUG 8928 --- [hospital] [           main] org.hibernate.type.BasicTypeRegistry     : Adding type registration OffsetTime -> org.hibernate.type.BasicTypeReference@766b6d02
2025-06-05T11:04:38.313+05:30 DEBUG 8928 --- [hospital] [           main] org.hibernate.type.BasicTypeRegistry     : Adding type registration java.time.OffsetTime -> org.hibernate.type.BasicTypeReference@766b6d02
2025-06-05T11:04:38.313+05:30 DEBUG 8928 --- [hospital] [           main] org.hibernate.type.BasicTypeRegistry     : Adding type registration OffsetTimeUtc -> org.hibernate.type.BasicTypeReference@6b09ce57
2025-06-05T11:04:38.313+05:30 DEBUG 8928 --- [hospital] [           main] org.hibernate.type.BasicTypeRegistry     : Adding type registration OffsetTimeWithTimezone -> org.hibernate.type.BasicTypeReference@5c4f4330
2025-06-05T11:04:38.313+05:30 DEBUG 8928 --- [hospital] [           main] org.hibernate.type.BasicTypeRegistry     : Adding type registration OffsetTimeWithoutTimezone -> org.hibernate.type.BasicTypeReference@2b9aeedb
2025-06-05T11:04:38.314+05:30 DEBUG 8928 --- [hospital] [           main] org.hibernate.type.BasicTypeRegistry     : Adding type registration ZonedDateTime -> org.hibernate.type.BasicTypeReference@63485d7
2025-06-05T11:04:38.314+05:30 DEBUG 8928 --- [hospital] [           main] org.hibernate.type.BasicTypeRegistry     : Adding type registration java.time.ZonedDateTime -> org.hibernate.type.BasicTypeReference@63485d7
2025-06-05T11:04:38.314+05:30 DEBUG 8928 --- [hospital] [           main] org.hibernate.type.BasicTypeRegistry     : Adding type registration ZonedDateTimeWithTimezone -> org.hibernate.type.BasicTypeReference@23ea8830
2025-06-05T11:04:38.314+05:30 DEBUG 8928 --- [hospital] [           main] org.hibernate.type.BasicTypeRegistry     : Adding type registration ZonedDateTimeWithoutTimezone -> org.hibernate.type.BasicTypeReference@59a09be
2025-06-05T11:04:38.314+05:30 DEBUG 8928 --- [hospital] [           main] org.hibernate.type.BasicTypeRegistry     : Adding type registration date -> org.hibernate.type.BasicTypeReference@790ac3e0
2025-06-05T11:04:38.314+05:30 DEBUG 8928 --- [hospital] [           main] org.hibernate.type.BasicTypeRegistry     : Adding type registration java.sql.Date -> org.hibernate.type.BasicTypeReference@790ac3e0
2025-06-05T11:04:38.314+05:30 DEBUG 8928 --- [hospital] [           main] org.hibernate.type.BasicTypeRegistry     : Adding type registration time -> org.hibernate.type.BasicTypeReference@5bb2fb2b
2025-06-05T11:04:38.314+05:30 DEBUG 8928 --- [hospital] [           main] org.hibernate.type.BasicTypeRegistry     : Adding type registration java.sql.Time -> org.hibernate.type.BasicTypeReference@5bb2fb2b
2025-06-05T11:04:38.314+05:30 DEBUG 8928 --- [hospital] [           main] org.hibernate.type.BasicTypeRegistry     : Adding type registration timestamp -> org.hibernate.type.BasicTypeReference@2cee5365
2025-06-05T11:04:38.314+05:30 DEBUG 8928 --- [hospital] [           main] org.hibernate.type.BasicTypeRegistry     : Adding type registration java.sql.Timestamp -> org.hibernate.type.BasicTypeReference@2cee5365
2025-06-05T11:04:38.314+05:30 DEBUG 8928 --- [hospital] [           main] org.hibernate.type.BasicTypeRegistry     : Adding type registration java.util.Date -> org.hibernate.type.BasicTypeReference@2cee5365
2025-06-05T11:04:38.316+05:30 DEBUG 8928 --- [hospital] [           main] org.hibernate.type.BasicTypeRegistry     : Adding type registration calendar -> org.hibernate.type.BasicTypeReference@796c68bf
2025-06-05T11:04:38.316+05:30 DEBUG 8928 --- [hospital] [           main] org.hibernate.type.BasicTypeRegistry     : Adding type registration java.util.Calendar -> org.hibernate.type.BasicTypeReference@796c68bf
2025-06-05T11:04:38.316+05:30 DEBUG 8928 --- [hospital] [           main] org.hibernate.type.BasicTypeRegistry     : Adding type registration java.util.GregorianCalendar -> org.hibernate.type.BasicTypeReference@796c68bf
2025-06-05T11:04:38.316+05:30 DEBUG 8928 --- [hospital] [           main] org.hibernate.type.BasicTypeRegistry     : Adding type registration calendar_date -> org.hibernate.type.BasicTypeReference@56d6a1b1
2025-06-05T11:04:38.316+05:30 DEBUG 8928 --- [hospital] [           main] org.hibernate.type.BasicTypeRegistry     : Adding type registration calendar_time -> org.hibernate.type.BasicTypeReference@1a7163e3
2025-06-05T11:04:38.316+05:30 DEBUG 8928 --- [hospital] [           main] org.hibernate.type.BasicTypeRegistry     : Adding type registration instant -> org.hibernate.type.BasicTypeReference@44da7eb3
2025-06-05T11:04:38.316+05:30 DEBUG 8928 --- [hospital] [           main] org.hibernate.type.BasicTypeRegistry     : Adding type registration java.time.Instant -> org.hibernate.type.BasicTypeReference@44da7eb3
2025-06-05T11:04:38.316+05:30 DEBUG 8928 --- [hospital] [           main] org.hibernate.type.BasicTypeRegistry     : Adding type registration uuid -> org.hibernate.type.BasicTypeReference@5e69cf07
2025-06-05T11:04:38.316+05:30 DEBUG 8928 --- [hospital] [           main] org.hibernate.type.BasicTypeRegistry     : Adding type registration java.util.UUID -> org.hibernate.type.BasicTypeReference@5e69cf07
2025-06-05T11:04:38.316+05:30 DEBUG 8928 --- [hospital] [           main] org.hibernate.type.BasicTypeRegistry     : Adding type registration pg-uuid -> org.hibernate.type.BasicTypeReference@5e69cf07
2025-06-05T11:04:38.316+05:30 DEBUG 8928 --- [hospital] [           main] org.hibernate.type.BasicTypeRegistry     : Adding type registration uuid-binary -> org.hibernate.type.BasicTypeReference@3d512652
2025-06-05T11:04:38.316+05:30 DEBUG 8928 --- [hospital] [           main] org.hibernate.type.BasicTypeRegistry     : Adding type registration uuid-char -> org.hibernate.type.BasicTypeReference@2c2e3460
2025-06-05T11:04:38.316+05:30 DEBUG 8928 --- [hospital] [           main] org.hibernate.type.BasicTypeRegistry     : Adding type registration class -> org.hibernate.type.BasicTypeReference@3b96f8b0
2025-06-05T11:04:38.316+05:30 DEBUG 8928 --- [hospital] [           main] org.hibernate.type.BasicTypeRegistry     : Adding type registration java.lang.Class -> org.hibernate.type.BasicTypeReference@3b96f8b0
2025-06-05T11:04:38.316+05:30 DEBUG 8928 --- [hospital] [           main] org.hibernate.type.BasicTypeRegistry     : Adding type registration currency -> org.hibernate.type.BasicTypeReference@2b170932
2025-06-05T11:04:38.316+05:30 DEBUG 8928 --- [hospital] [           main] org.hibernate.type.BasicTypeRegistry     : Adding type registration Currency -> org.hibernate.type.BasicTypeReference@2b170932
2025-06-05T11:04:38.316+05:30 DEBUG 8928 --- [hospital] [           main] org.hibernate.type.BasicTypeRegistry     : Adding type registration java.util.Currency -> org.hibernate.type.BasicTypeReference@2b170932
2025-06-05T11:04:38.316+05:30 DEBUG 8928 --- [hospital] [           main] org.hibernate.type.BasicTypeRegistry     : Adding type registration locale -> org.hibernate.type.BasicTypeReference@1fc0d9b4
2025-06-05T11:04:38.316+05:30 DEBUG 8928 --- [hospital] [           main] org.hibernate.type.BasicTypeRegistry     : Adding type registration java.util.Locale -> org.hibernate.type.BasicTypeReference@1fc0d9b4
2025-06-05T11:04:38.317+05:30 DEBUG 8928 --- [hospital] [           main] org.hibernate.type.BasicTypeRegistry     : Adding type registration serializable -> org.hibernate.type.BasicTypeReference@42107318
2025-06-05T11:04:38.317+05:30 DEBUG 8928 --- [hospital] [           main] org.hibernate.type.BasicTypeRegistry     : Adding type registration java.io.Serializable -> org.hibernate.type.BasicTypeReference@42107318
2025-06-05T11:04:38.317+05:30 DEBUG 8928 --- [hospital] [           main] org.hibernate.type.BasicTypeRegistry     : Adding type registration timezone -> org.hibernate.type.BasicTypeReference@4e4f4092
2025-06-05T11:04:38.317+05:30 DEBUG 8928 --- [hospital] [           main] org.hibernate.type.BasicTypeRegistry     : Adding type registration java.util.TimeZone -> org.hibernate.type.BasicTypeReference@4e4f4092
2025-06-05T11:04:38.318+05:30 DEBUG 8928 --- [hospital] [           main] org.hibernate.type.BasicTypeRegistry     : Adding type registration ZoneOffset -> org.hibernate.type.BasicTypeReference@5d829ef0
2025-06-05T11:04:38.318+05:30 DEBUG 8928 --- [hospital] [           main] org.hibernate.type.BasicTypeRegistry     : Adding type registration java.time.ZoneOffset -> org.hibernate.type.BasicTypeReference@5d829ef0
2025-06-05T11:04:38.318+05:30 DEBUG 8928 --- [hospital] [           main] org.hibernate.type.BasicTypeRegistry     : Adding type registration url -> org.hibernate.type.BasicTypeReference@4416e18d
2025-06-05T11:04:38.318+05:30 DEBUG 8928 --- [hospital] [           main] org.hibernate.type.BasicTypeRegistry     : Adding type registration java.net.URL -> org.hibernate.type.BasicTypeReference@4416e18d
2025-06-05T11:04:38.318+05:30 DEBUG 8928 --- [hospital] [           main] org.hibernate.type.BasicTypeRegistry     : Adding type registration vector -> org.hibernate.type.BasicTypeReference@5dfc2a4
2025-06-05T11:04:38.318+05:30 DEBUG 8928 --- [hospital] [           main] org.hibernate.type.BasicTypeRegistry     : Adding type registration row_version -> org.hibernate.type.BasicTypeReference@3120495d
2025-06-05T11:04:38.326+05:30 DEBUG 8928 --- [hospital] [           main] org.hibernate.type.BasicTypeRegistry     : Adding type registration object -> org.hibernate.type.JavaObjectType@3957d88b
2025-06-05T11:04:38.327+05:30 DEBUG 8928 --- [hospital] [           main] org.hibernate.type.BasicTypeRegistry     : Adding type registration java.lang.Object -> org.hibernate.type.JavaObjectType@3957d88b
2025-06-05T11:04:38.329+05:30 DEBUG 8928 --- [hospital] [           main] org.hibernate.type.BasicTypeRegistry     : Adding type registration null -> org.hibernate.type.NullType@2fca3eb5
2025-06-05T11:04:38.329+05:30 DEBUG 8928 --- [hospital] [           main] org.hibernate.type.BasicTypeRegistry     : Adding type registration imm_date -> org.hibernate.type.BasicTypeReference@69eb544f
2025-06-05T11:04:38.330+05:30 DEBUG 8928 --- [hospital] [           main] org.hibernate.type.BasicTypeRegistry     : Adding type registration imm_time -> org.hibernate.type.BasicTypeReference@7cb29ea8
2025-06-05T11:04:38.330+05:30 DEBUG 8928 --- [hospital] [           main] org.hibernate.type.BasicTypeRegistry     : Adding type registration imm_timestamp -> org.hibernate.type.BasicTypeReference@b5c902
2025-06-05T11:04:38.330+05:30 DEBUG 8928 --- [hospital] [           main] org.hibernate.type.BasicTypeRegistry     : Adding type registration imm_calendar -> org.hibernate.type.BasicTypeReference@7e747037
2025-06-05T11:04:38.330+05:30 DEBUG 8928 --- [hospital] [           main] org.hibernate.type.BasicTypeRegistry     : Adding type registration imm_calendar_date -> org.hibernate.type.BasicTypeReference@4d0e1a9a
2025-06-05T11:04:38.331+05:30 DEBUG 8928 --- [hospital] [           main] org.hibernate.type.BasicTypeRegistry     : Adding type registration imm_calendar_time -> org.hibernate.type.BasicTypeReference@25218a4d
2025-06-05T11:04:38.331+05:30 DEBUG 8928 --- [hospital] [           main] org.hibernate.type.BasicTypeRegistry     : Adding type registration imm_binary -> org.hibernate.type.BasicTypeReference@bf2aa32
2025-06-05T11:04:38.331+05:30 DEBUG 8928 --- [hospital] [           main] org.hibernate.type.BasicTypeRegistry     : Adding type registration imm_serializable -> org.hibernate.type.BasicTypeReference@56da96b3
2025-06-05T11:04:38.698+05:30  INFO 8928 --- [hospital] [           main] o.s.o.j.p.SpringPersistenceUnitInfo      : No LoadTimeWeaver setup: ignoring JPA class transformer
2025-06-05T11:04:38.745+05:30  INFO 8928 --- [hospital] [           main] com.zaxxer.hikari.HikariDataSource       : HikariPool-1 - Starting...
2025-06-05T11:04:39.312+05:30  INFO 8928 --- [hospital] [           main] com.zaxxer.hikari.pool.HikariPool        : HikariPool-1 - Added connection com.mysql.cj.jdbc.ConnectionImpl@7b4619a3
2025-06-05T11:04:39.317+05:30  INFO 8928 --- [hospital] [           main] com.zaxxer.hikari.HikariDataSource       : HikariPool-1 - Start completed.
2025-06-05T11:04:39.500+05:30 DEBUG 8928 --- [hospital] [           main] o.h.t.d.sql.spi.DdlTypeRegistry          : addDescriptor(12, org.hibernate.type.descriptor.sql.internal.CapacityDependentDdlType@a240452) replaced previous registration(org.hibernate.type.descriptor.sql.internal.CapacityDependentDdlType@460e5ffe)
2025-06-05T11:04:39.501+05:30 DEBUG 8928 --- [hospital] [           main] o.h.t.d.sql.spi.DdlTypeRegistry          : addDescriptor(-9, org.hibernate.type.descriptor.sql.internal.CapacityDependentDdlType@1a4cbcc6) replaced previous registration(org.hibernate.type.descriptor.sql.internal.CapacityDependentDdlType@7cecab19)
2025-06-05T11:04:39.501+05:30 DEBUG 8928 --- [hospital] [           main] o.h.t.d.sql.spi.DdlTypeRegistry          : addDescriptor(-3, org.hibernate.type.descriptor.sql.internal.CapacityDependentDdlType@56402642) replaced previous registration(org.hibernate.type.descriptor.sql.internal.CapacityDependentDdlType@620572db)
2025-06-05T11:04:39.501+05:30 DEBUG 8928 --- [hospital] [           main] o.h.t.d.sql.spi.DdlTypeRegistry          : addDescriptor(4003, org.hibernate.type.descriptor.sql.internal.DdlTypeImpl@1d5048d1) replaced previous registration(org.hibernate.type.descriptor.sql.internal.DdlTypeImpl@47d9c01)
2025-06-05T11:04:39.501+05:30 DEBUG 8928 --- [hospital] [           main] o.h.t.d.sql.spi.DdlTypeRegistry          : addDescriptor(4001, org.hibernate.type.descriptor.sql.internal.DdlTypeImpl@5358c8fa) replaced previous registration(org.hibernate.type.descriptor.sql.internal.DdlTypeImpl@1a02ebe0)
2025-06-05T11:04:39.502+05:30 DEBUG 8928 --- [hospital] [           main] o.h.t.d.sql.spi.DdlTypeRegistry          : addDescriptor(4002, org.hibernate.type.descriptor.sql.internal.DdlTypeImpl@58b3eb1) replaced previous registration(org.hibernate.type.descriptor.sql.internal.DdlTypeImpl@6d7e2795)
2025-06-05T11:04:39.502+05:30 DEBUG 8928 --- [hospital] [           main] o.h.t.d.sql.spi.DdlTypeRegistry          : addDescriptor(2004, org.hibernate.type.descriptor.sql.internal.CapacityDependentDdlType@78743dd8) replaced previous registration(org.hibernate.type.descriptor.sql.internal.DdlTypeImpl@752494dd)
2025-06-05T11:04:39.502+05:30 DEBUG 8928 --- [hospital] [           main] o.h.t.d.sql.spi.DdlTypeRegistry          : addDescriptor(2005, org.hibernate.type.descriptor.sql.internal.CapacityDependentDdlType@2986427e) replaced previous registration(org.hibernate.type.descriptor.sql.internal.DdlTypeImpl@35d88a54)
2025-06-05T11:04:39.502+05:30 DEBUG 8928 --- [hospital] [           main] o.h.t.d.sql.spi.DdlTypeRegistry          : addDescriptor(2011, org.hibernate.type.descriptor.sql.internal.CapacityDependentDdlType@6c1bebca) replaced previous registration(org.hibernate.type.descriptor.sql.internal.DdlTypeImpl@3d4818e8)
2025-06-05T11:04:39.505+05:30 DEBUG 8928 --- [hospital] [           main] o.h.t.d.jdbc.spi.JdbcTypeRegistry        : addDescriptor(NCharTypeDescriptor) replaced previous registration(CharTypeDescriptor)
2025-06-05T11:04:39.505+05:30 DEBUG 8928 --- [hospital] [           main] o.h.t.d.jdbc.spi.JdbcTypeRegistry        : addDescriptor(NVarcharTypeDescriptor) replaced previous registration(VarcharTypeDescriptor)
2025-06-05T11:04:39.506+05:30 DEBUG 8928 --- [hospital] [           main] o.h.t.d.jdbc.spi.JdbcTypeRegistry        : addDescriptor(LongNVarcharTypeDescriptor) replaced previous registration(LongVarcharTypeDescriptor)
2025-06-05T11:04:39.513+05:30 DEBUG 8928 --- [hospital] [           main] o.h.t.d.jdbc.spi.JdbcTypeRegistry        : addDescriptor(NClobTypeDescriptor(DEFAULT)) replaced previous registration(ClobTypeDescriptor(DEFAULT))
2025-06-05T11:04:39.513+05:30 DEBUG 8928 --- [hospital] [           main] o.h.t.d.jdbc.spi.JdbcTypeRegistry        : addDescriptor(2005, ClobTypeDescriptor(STREAM_BINDING)) replaced previous registration(ClobTypeDescriptor(DEFAULT))
2025-06-05T11:04:39.525+05:30 DEBUG 8928 --- [hospital] [           main] org.hibernate.type.BasicTypeRegistry     : Adding type registration null -> org.hibernate.type.NullType@68f69ca3
2025-06-05T11:04:39.526+05:30 DEBUG 8928 --- [hospital] [           main] org.hibernate.type.BasicTypeRegistry     : Type registration key [null] overrode previous entry : `org.hibernate.type.NullType@2fca3eb5`
2025-06-05T11:04:39.539+05:30 DEBUG 8928 --- [hospital] [           main] org.hibernate.type.BasicTypeRegistry     : Adding type registration org.hibernate.type.DurationType -> basicType@1(java.time.Duration,3015)
2025-06-05T11:04:39.541+05:30 DEBUG 8928 --- [hospital] [           main] org.hibernate.type.BasicTypeRegistry     : Adding type registration Duration -> basicType@1(java.time.Duration,3015)
2025-06-05T11:04:39.541+05:30 DEBUG 8928 --- [hospital] [           main] org.hibernate.type.BasicTypeRegistry     : Adding type registration java.time.Duration -> basicType@1(java.time.Duration,3015)
2025-06-05T11:04:39.559+05:30 DEBUG 8928 --- [hospital] [           main] org.hibernate.type.BasicTypeRegistry     : Adding type registration org.hibernate.type.OffsetDateTimeType -> basicType@2(java.time.OffsetDateTime,3003)
2025-06-05T11:04:39.559+05:30 DEBUG 8928 --- [hospital] [           main] org.hibernate.type.BasicTypeRegistry     : Adding type registration OffsetDateTime -> basicType@2(java.time.OffsetDateTime,3003)
2025-06-05T11:04:39.560+05:30 DEBUG 8928 --- [hospital] [           main] org.hibernate.type.BasicTypeRegistry     : Adding type registration java.time.OffsetDateTime -> basicType@2(java.time.OffsetDateTime,3003)
2025-06-05T11:04:39.561+05:30 DEBUG 8928 --- [hospital] [           main] org.hibernate.type.BasicTypeRegistry     : Adding type registration org.hibernate.type.ZonedDateTimeType -> basicType@3(java.time.ZonedDateTime,3003)
2025-06-05T11:04:39.561+05:30 DEBUG 8928 --- [hospital] [           main] org.hibernate.type.BasicTypeRegistry     : Adding type registration ZonedDateTime -> basicType@3(java.time.ZonedDateTime,3003)
2025-06-05T11:04:39.561+05:30 DEBUG 8928 --- [hospital] [           main] org.hibernate.type.BasicTypeRegistry     : Adding type registration java.time.ZonedDateTime -> basicType@3(java.time.ZonedDateTime,3003)
2025-06-05T11:04:39.563+05:30 DEBUG 8928 --- [hospital] [           main] org.hibernate.type.BasicTypeRegistry     : Adding type registration org.hibernate.type.OffsetTimeType -> basicType@4(java.time.OffsetTime,3007)
2025-06-05T11:04:39.563+05:30 DEBUG 8928 --- [hospital] [           main] org.hibernate.type.BasicTypeRegistry     : Adding type registration OffsetTime -> basicType@4(java.time.OffsetTime,3007)
2025-06-05T11:04:39.565+05:30 DEBUG 8928 --- [hospital] [           main] org.hibernate.type.BasicTypeRegistry     : Adding type registration java.time.OffsetTime -> basicType@4(java.time.OffsetTime,3007)
2025-06-05T11:04:39.569+05:30 DEBUG 8928 --- [hospital] [           main] o.h.type.spi.TypeConfiguration$Scope     : Scoping TypeConfiguration [org.hibernate.type.spi.TypeConfiguration@11f9b95a] to MetadataBuildingContext [org.hibernate.boot.internal.MetadataBuildingContextRootImpl@42066f0d]
2025-06-05T11:04:40.969+05:30  INFO 8928 --- [hospital] [           main] o.h.e.t.j.p.i.JtaPlatformInitiator       : HHH000489: No JTA platform available (set 'hibernate.transaction.jta.platform' to enable JTA platform integration)
2025-06-05T11:04:40.969+05:30 DEBUG 8928 --- [hospital] [           main] o.h.type.spi.TypeConfiguration$Scope     : Scoping TypeConfiguration [org.hibernate.type.spi.TypeConfiguration@11f9b95a] to SessionFactoryImplementor [org.hibernate.internal.SessionFactoryImpl@6eeeb9da]
2025-06-05T11:04:41.139+05:30 TRACE 8928 --- [hospital] [           main] o.h.type.spi.TypeConfiguration$Scope     : Handling #sessionFactoryCreated from [org.hibernate.internal.SessionFactoryImpl@6eeeb9da] for TypeConfiguration
2025-06-05T11:04:41.140+05:30  INFO 8928 --- [hospital] [           main] j.LocalContainerEntityManagerFactoryBean : Initialized JPA EntityManagerFactory for persistence unit 'default'
2025-06-05T11:04:42.580+05:30  WARN 8928 --- [hospital] [           main] JpaBaseConfiguration$JpaWebConfiguration : spring.jpa.open-in-view is enabled by default. Therefore, database queries may be performed during view rendering. Explicitly configure spring.jpa.open-in-view to disable this warning
2025-06-05T11:04:42.659+05:30  INFO 8928 --- [hospital] [           main] o.s.b.a.w.s.WelcomePageHandlerMapping    : Adding welcome page template: index
2025-06-05T11:04:43.942+05:30  INFO 8928 --- [hospital] [           main] o.s.b.a.e.web.EndpointLinksResolver      : Exposing 1 endpoint(s) beneath base path '/actuator'
2025-06-05T11:04:44.076+05:30  INFO 8928 --- [hospital] [           main] com.hms.HospitalApplicationTests         : Started HospitalApplicationTests in 9.536 seconds (process running for 11.163)
]]></system-out>
  </testcase>
</testsuite>